0 info it worked if it ends with ok
1 verbose cli [ '/Users/divan/.nvm/versions/node/v6.3.1/bin/node',
1 verbose cli   '/Users/divan/.nvm/versions/node/v6.3.1/bin/npm',
1 verbose cli   'run',
1 verbose cli   'devtest' ]
2 info using npm@3.10.5
3 info using node@v6.3.1
4 verbose run-script [ 'predevtest', 'devtest', 'postdevtest' ]
5 info lifecycle esm-seed@0.0.1~predevtest: esm-seed@0.0.1
6 silly lifecycle esm-seed@0.0.1~predevtest: no script for predevtest, continuing
7 info lifecycle esm-seed@0.0.1~devtest: esm-seed@0.0.1
8 verbose lifecycle esm-seed@0.0.1~devtest: unsafe-perm in lifecycle true
9 verbose lifecycle esm-seed@0.0.1~devtest: PATH: /Users/divan/.nvm/versions/node/v6.3.1/lib/node_modules/npm/bin/node-gyp-bin:/Users/divan/Projects/Personal/esm-seed/node_modules/.bin:/Users/divan/.nvm/versions/node/v6.3.1/bin:/Users/divan/.nvm/versions/node/v6.3.1/bin:/usr/local/bin:/usr/bin:/bin:/usr/sbin:/sbin
10 verbose lifecycle esm-seed@0.0.1~devtest: CWD: /Users/divan/Projects/Personal/esm-seed
11 silly lifecycle esm-seed@0.0.1~devtest: Args: [ '-c',
11 silly lifecycle   'mocha test/routes/*.test.js test/unit/*.test.js --reporter nyan --ui bdd --watch' ]
12 silly lifecycle esm-seed@0.0.1~devtest: Returned: code: 1  signal: null
13 info lifecycle esm-seed@0.0.1~devtest: Failed to exec devtest script
14 verbose stack Error: esm-seed@0.0.1 devtest: `mocha test/routes/*.test.js test/unit/*.test.js --reporter nyan --ui bdd --watch`
14 verbose stack Exit status 1
14 verbose stack     at EventEmitter.<anonymous> (/Users/divan/.nvm/versions/node/v6.3.1/lib/node_modules/npm/lib/utils/lifecycle.js:242:16)
14 verbose stack     at emitTwo (events.js:106:13)
14 verbose stack     at EventEmitter.emit (events.js:191:7)
14 verbose stack     at ChildProcess.<anonymous> (/Users/divan/.nvm/versions/node/v6.3.1/lib/node_modules/npm/lib/utils/spawn.js:40:14)
14 verbose stack     at emitTwo (events.js:106:13)
14 verbose stack     at ChildProcess.emit (events.js:191:7)
14 verbose stack     at maybeClose (internal/child_process.js:852:16)
14 verbose stack     at Process.ChildProcess._handle.onexit (internal/child_process.js:215:5)
15 verbose pkgid esm-seed@0.0.1
16 verbose cwd /Users/divan/Projects/Personal/esm-seed
17 error Darwin 15.6.0
18 error argv "/Users/divan/.nvm/versions/node/v6.3.1/bin/node" "/Users/divan/.nvm/versions/node/v6.3.1/bin/npm" "run" "devtest"
19 error node v6.3.1
20 error npm  v3.10.5
21 error code ELIFECYCLE
22 error esm-seed@0.0.1 devtest: `mocha test/routes/*.test.js test/unit/*.test.js --reporter nyan --ui bdd --watch`
22 error Exit status 1
23 error Failed at the esm-seed@0.0.1 devtest script 'mocha test/routes/*.test.js test/unit/*.test.js --reporter nyan --ui bdd --watch'.
23 error Make sure you have the latest version of node.js and npm installed.
23 error If you do, this is most likely a problem with the esm-seed package,
23 error not with npm itself.
23 error Tell the author that this fails on your system:
23 error     mocha test/routes/*.test.js test/unit/*.test.js --reporter nyan --ui bdd --watch
23 error You can get information on how to open an issue for this project with:
23 error     npm bugs esm-seed
23 error Or if that isn't available, you can get their info via:
23 error     npm owner ls esm-seed
23 error There is likely additional logging output above.
24 verbose exit [ 1, true ]
